PHPUnit 3.7.28 by Sebastian Bergmann.

Configuration read from G:\Temp\zf2Test\module\Saveserials\test\phpunit.xml.dist



PHPUnit_Framework_ExpectationFailedException: Failed asserting that 200 matches expected 201. in phar://G:/Temp/zf2Test/module/Saveserials/test/SaveserialsTest/Controller/phpunit.phar/phpunit/Framework/Constraint/IsEqual.php on line 170

Call Stack:
    0.4610     382056   1. {main}() G:\Temp\zf2Test\module\Saveserials\test\SaveserialsTest\Controller\phpunit.phar:0
    0.4810     573424   2. PHPUnit_TextUI_Command::main() G:\Temp\zf2Test\module\Saveserials\test\SaveserialsTest\Controller\phpunit.phar:614
    0.4810     576640   3. PHPUnit_TextUI_Command->run() phar://G:/Temp/zf2Test/module/Saveserials/test/SaveserialsTest/Controller/phpunit.phar/phpunit/TextUI/Command.php:129
    1.1460    3499776   4. PHPUnit_TextUI_TestRunner->doRun() phar://G:/Temp/zf2Test/module/Saveserials/test/SaveserialsTest/Controller/phpunit.phar/phpunit/TextUI/Command.php:176
    1.1660    3772480   5. PHPUnit_Framework_TestSuite->run() phar://G:/Temp/zf2Test/module/Saveserials/test/SaveserialsTest/Controller/phpunit.phar/phpunit/TextUI/TestRunner.php:349
    1.1670    3773264   6. PHPUnit_Framework_TestSuite->run() phar://G:/Temp/zf2Test/module/Saveserials/test/SaveserialsTest/Controller/phpunit.phar/phpunit/Framework/TestSuite.php:705
    1.1680    3773568   7. PHPUnit_Framework_TestSuite->runTest() phar://G:/Temp/zf2Test/module/Saveserials/test/SaveserialsTest/Controller/phpunit.phar/phpunit/Framework/TestSuite.php:745
    1.1680    3773584   8. PHPUnit_Framework_TestCase->run() phar://G:/Temp/zf2Test/module/Saveserials/test/SaveserialsTest/Controller/phpunit.phar/phpunit/Framework/TestSuite.php:775
    1.1690    3774176   9. PHPUnit_Framework_TestResult->run() phar://G:/Temp/zf2Test/module/Saveserials/test/SaveserialsTest/Controller/phpunit.phar/phpunit/Framework/TestCase.php:783
    1.1780    3813912  10. PHPUnit_Framework_TestCase->runBare() phar://G:/Temp/zf2Test/module/Saveserials/test/SaveserialsTest/Controller/phpunit.phar/phpunit/Framework/TestResult.php:648
    1.3160    4666792  11. PHPUnit_Framework_TestCase->onNotSuccessfulTest() phar://G:/Temp/zf2Test/module/Saveserials/test/SaveserialsTest/Controller/phpunit.phar/phpunit/Framework/TestCase.php:953


Variables in local scope (#11):
  $e = class PHPUnit_Framework_ExpectationFailedException { protected $comparisonFailure = class PHPUnit_Framework_ComparisonFailure { protected $expected = 201; protected $actual = 200; protected $expectedAsString = ''; protected $actualAsString = ''; protected $identical = NULL; protected $message = 'Failed asserting that 200 matches expected 201.'; private ${Exception}:string = ''; protected $code = 0; protected $file = 'phar://G:/Temp/zf2Test/module/Saveserials/test/SaveserialsTest/Controller/phpunit.phar/phpunit/Framework/Comparator/Numeric.php'; protected $line = 97; private ${Exception}:trace = array (0 => array (...), 1 => array (...), 2 => array (...), 3 => array (...), 4 => array (...), 5 => array (...), 6 => array (...), 7 => array (...), 8 => array (...), 9 => array (...), 10 => array (...), 11 => array (...), 12 => array (...), 13 => array (...), 14 => array (...), 15 => array (...)); private ${Exception}:previous = NULL; public $xdebug_message = '\nPHPUnit_Framework_ComparisonFailure: Failed asserting that 200 matches expected 201. in phar://G:/Temp/zf2Test/module/Saveserials/test/SaveserialsTest/Controller/phpunit.phar/phpunit/Framework/Comparator/Numeric.php on line 97\n\nCall Stack:\n    0.4610     382056   1. {main}() G:\\Temp\\zf2Test\\module\\Saveserials\\test\\SaveserialsTest\\Controller\\phpunit.phar:0\n    0.4810     573424   2. PHPUnit_TextUI_Command::main() G:\\Temp\\zf2Test\\module\\Saveserials\\test\\SaveserialsTest\\Controller\\phpunit...' }; protected $message = 'Failed asserting that 200 matches expected 201.'; private ${Exception}:string = ''; protected $code = 0; protected $file = 'phar://G:/Temp/zf2Test/module/Saveserials/test/SaveserialsTest/Controller/phpunit.phar/phpunit/Framework/Constraint/IsEqual.php'; protected $line = 170; private ${Exception}:trace = array (0 => array ('file' => 'phar://G:/Temp/zf2Test/module/Saveserials/test/SaveserialsTest/Controller/phpunit.phar/phpunit/Framework/Assert.php', 'line' => 2134, 'function' => 'evaluate', 'class' => 'PHPUnit_Framework_Constraint_IsEqual', 'type' => '->', 'args' => array (...)), 1 => array ('file' => 'phar://G:/Temp/zf2Test/module/Saveserials/test/SaveserialsTest/Controller/phpunit.phar/phpunit/Framework/Assert.php', 'line' => 475, 'function' => 'assertThat', 'class' => 'PHPUnit_Framework_Assert', 'type' => '::', 'args' => array (...)), 2 => array ('file' => 'G:\\Temp\\zf2Test\\module\\Saveserials\\test\\SaveserialsTest\\Controller\\IndexControllerTest.php', 'line' => 45, 'function' => 'assertEquals', 'class' => 'PHPUnit_Framework_Assert', 'type' => '::', 'args' => array (...)), 3 => array ('function' => 'testIndexActionCanBeAccessed', 'class' => 'Saveserials\\Test\\Controller\\SaveserialsControllerTest', 'type' => '->', 'args' => array (...)), 4 => array ('file' => 'phar://G:/Temp/zf2Test/module/Saveserials/test/SaveserialsTest/Controller/phpunit.phar/phpunit/Framework/TestCase.php', 'line' => 983, 'function' => 'invokeArgs', 'class' => 'ReflectionMethod', 'type' => '->', 'args' => array (...)), 5 => array ('file' => 'phar://G:/Temp/zf2Test/module/Saveserials/test/SaveserialsTest/Controller/phpunit.phar/phpunit/Framework/TestCase.php', 'line' => 838, 'function' => 'runTest', 'class' => 'PHPUnit_Framework_TestCase', 'type' => '->', 'args' => array (...)), 6 => array ('file' => 'phar://G:/Temp/zf2Test/module/Saveserials/test/SaveserialsTest/Controller/phpunit.phar/phpunit/Framework/TestResult.php', 'line' => 648, 'function' => 'runBare', 'class' => 'PHPUnit_Framework_TestCase', 'type' => '->', 'args' => array (...)), 7 => array ('file' => 'phar://G:/Temp/zf2Test/module/Saveserials/test/SaveserialsTest/Controller/phpunit.phar/phpunit/Framework/TestCase.php', 'line' => 783, 'function' => 'run', 'class' => 'PHPUnit_Framework_TestResult', 'type' => '->', 'args' => array (...)), 8 => array ('file' => 'phar://G:/Temp/zf2Test/module/Saveserials/test/SaveserialsTest/Controller/phpunit.phar/phpunit/Framework/TestSuite.php', 'line' => 775, 'function' => 'run', 'class' => 'PHPUnit_Framework_TestCase', 'type' => '->', 'args' => array (...)), 9 => array ('file' => 'phar://G:/Temp/zf2Test/module/Saveserials/test/SaveserialsTest/Controller/phpunit.phar/phpunit/Framework/TestSuite.php', 'line' => 745, 'function' => 'runTest', 'class' => 'PHPUnit_Framework_TestSuite', 'type' => '->', 'args' => array (...)), 10 => array ('file' => 'phar://G:/Temp/zf2Test/module/Saveserials/test/SaveserialsTest/Controller/phpunit.phar/phpunit/Framework/TestSuite.php', 'line' => 705, 'function' => 'run', 'class' => 'PHPUnit_Framework_TestSuite', 'type' => '->', 'args' => array (...)), 11 => array ('file' => 'phar://G:/Temp/zf2Test/module/Saveserials/test/SaveserialsTest/Controller/phpunit.phar/phpunit/TextUI/TestRunner.php', 'line' => 349, 'function' => 'run', 'class' => 'PHPUnit_Framework_TestSuite', 'type' => '->', 'args' => array (...)), 12 => array ('file' => 'phar://G:/Temp/zf2Test/module/Saveserials/test/SaveserialsTest/Controller/phpunit.phar/phpunit/TextUI/Command.php', 'line' => 176, 'function' => 'doRun', 'class' => 'PHPUnit_TextUI_TestRunner', 'type' => '->', 'args' => array (...)), 13 => array ('file' => 'phar://G:/Temp/zf2Test/module/Saveserials/test/SaveserialsTest/Controller/phpunit.phar/phpunit/TextUI/Command.php', 'line' => 129, 'function' => 'run', 'class' => 'PHPUnit_TextUI_Command', 'type' => '->', 'args' => array (...)), 14 => array ('file' => 'G:\\Temp\\zf2Test\\module\\Saveserials\\test\\SaveserialsTest\\Controller\\phpunit.phar', 'line' => 614, 'function' => 'main', 'class' => 'PHPUnit_TextUI_Command', 'type' => '::', 'args' => array (...))); private ${Exception}:previous = NULL; public $xdebug_message = '\nPHPUnit_Framework_ExpectationFailedException: Failed asserting that 200 matches expected 201. in phar://G:/Temp/zf2Test/module/Saveserials/test/SaveserialsTest/Controller/phpunit.phar/phpunit/Framework/Constraint/IsEqual.php on line 170\n\nCall Stack:\n    0.4610     382056   1. {main}() G:\\Temp\\zf2Test\\module\\Saveserials\\test\\SaveserialsTest\\Controller\\phpunit.phar:0\n    0.4810     573424   2. PHPUnit_TextUI_Command::main() G:\\Temp\\zf2Test\\module\\Saveserials\\test\\SaveserialsTest\\Controlle...' }

F

PHPUnit_Framework_ComparisonFailure: Failed asserting that 200 matches expected 201. in phar://G:/Temp/zf2Test/module/Saveserials/test/SaveserialsTest/Controller/phpunit.phar/phpunit/Framework/Comparator/Numeric.php on line 97

Call Stack:
    0.4610     382056   1. {main}() G:\Temp\zf2Test\module\Saveserials\test\SaveserialsTest\Controller\phpunit.phar:0
    0.4810     573424   2. PHPUnit_TextUI_Command::main() G:\Temp\zf2Test\module\Saveserials\test\SaveserialsTest\Controller\phpunit.phar:614
    0.4810     576640   3. PHPUnit_TextUI_Command->run() phar://G:/Temp/zf2Test/module/Saveserials/test/SaveserialsTest/Controller/phpunit.phar/phpunit/TextUI/Command.php:129
    1.1460    3499776   4. PHPUnit_TextUI_TestRunner->doRun() phar://G:/Temp/zf2Test/module/Saveserials/test/SaveserialsTest/Controller/phpunit.phar/phpunit/TextUI/Command.php:176
    1.1660    3772480   5. PHPUnit_Framework_TestSuite->run() phar://G:/Temp/zf2Test/module/Saveserials/test/SaveserialsTest/Controller/phpunit.phar/phpunit/TextUI/TestRunner.php:349
    1.1670    3773264   6. PHPUnit_Framework_TestSuite->run() phar://G:/Temp/zf2Test/module/Saveserials/test/SaveserialsTest/Controller/phpunit.phar/phpunit/Framework/TestSuite.php:705
    1.1680    3773568   7. PHPUnit_Framework_TestSuite->runTest() phar://G:/Temp/zf2Test/module/Saveserials/test/SaveserialsTest/Controller/phpunit.phar/phpunit/Framework/TestSuite.php:745
    1.1680    3773584   8. PHPUnit_Framework_TestCase->run() phar://G:/Temp/zf2Test/module/Saveserials/test/SaveserialsTest/Controller/phpunit.phar/phpunit/Framework/TestSuite.php:775
    1.1690    3774176   9. PHPUnit_Framework_TestResult->run() phar://G:/Temp/zf2Test/module/Saveserials/test/SaveserialsTest/Controller/phpunit.phar/phpunit/Framework/TestCase.php:783
    1.1780    3813912  10. PHPUnit_Framework_TestCase->runBare() phar://G:/Temp/zf2Test/module/Saveserials/test/SaveserialsTest/Controller/phpunit.phar/phpunit/Framework/TestResult.php:648
    1.2290    4262496  11. PHPUnit_Framework_TestCase->runTest() phar://G:/Temp/zf2Test/module/Saveserials/test/SaveserialsTest/Controller/phpunit.phar/phpunit/Framework/TestCase.php:838
    1.2290    4263320  12. ReflectionMethod->invokeArgs() phar://G:/Temp/zf2Test/module/Saveserials/test/SaveserialsTest/Controller/phpunit.phar/phpunit/Framework/TestCase.php:983
    1.2290    4263336  13. Saveserials\Test\Controller\SaveserialsControllerTest->testIndexActionCanBeAccessed() phar://G:/Temp/zf2Test/module/Saveserials/test/SaveserialsTest/Controller/phpunit.phar/phpunit/Framework/TestCase.php:983
    1.2440    4417984  14. PHPUnit_Framework_Assert::assertEquals() G:\Temp\zf2Test\module\Saveserials\test\SaveserialsTest\Controller\IndexControllerTest.php:45
    1.2470    4446616  15. PHPUnit_Framework_Assert::assertThat() phar://G:/Temp/zf2Test/module/Saveserials/test/SaveserialsTest/Controller/phpunit.phar/phpunit/Framework/Assert.php:475
    1.2480    4446648  16. PHPUnit_Framework_Constraint_IsEqual->evaluate() phar://G:/Temp/zf2Test/module/Saveserials/test/SaveserialsTest/Controller/phpunit.phar/phpunit/Framework/Assert.php:2134
    1.2640    4568008  17. PHPUnit_Framework_Comparator_Numeric->assertEquals() phar://G:/Temp/zf2Test/module/Saveserials/test/SaveserialsTest/Controller/phpunit.phar/phpunit/Framework/Constraint/IsEqual.php:162

Dump $_SERVER
   $_SERVER['REQUEST_METHOD'] is undefined
   $_SERVER['REQUEST_URI'] is undefined
   $_SERVER['HTTP_USER_AGENT'] is undefined
Dump $_REQUEST

Variables in local scope (#17):
  $actual = 200
  $canonicalize = FALSE
  $delta = 0
  $expected = 201
  $ignoreCase = FALSE



PHPUnit_Framework_ExpectationFailedException: Failed asserting that 200 matches expected 201. in phar://G:/Temp/zf2Test/module/Saveserials/test/SaveserialsTest/Controller/phpunit.phar/phpunit/Framework/Constraint/IsEqual.php on line 170

Call Stack:
    0.4610     382056   1. {main}() G:\Temp\zf2Test\module\Saveserials\test\SaveserialsTest\Controller\phpunit.phar:0
    0.4810     573424   2. PHPUnit_TextUI_Command::main() G:\Temp\zf2Test\module\Saveserials\test\SaveserialsTest\Controller\phpunit.phar:614
    0.4810     576640   3. PHPUnit_TextUI_Command->run() phar://G:/Temp/zf2Test/module/Saveserials/test/SaveserialsTest/Controller/phpunit.phar/phpunit/TextUI/Command.php:129
    1.1460    3499776   4. PHPUnit_TextUI_TestRunner->doRun() phar://G:/Temp/zf2Test/module/Saveserials/test/SaveserialsTest/Controller/phpunit.phar/phpunit/TextUI/Command.php:176
    1.1660    3772480   5. PHPUnit_Framework_TestSuite->run() phar://G:/Temp/zf2Test/module/Saveserials/test/SaveserialsTest/Controller/phpunit.phar/phpunit/TextUI/TestRunner.php:349
    1.1670    3773264   6. PHPUnit_Framework_TestSuite->run() phar://G:/Temp/zf2Test/module/Saveserials/test/SaveserialsTest/Controller/phpunit.phar/phpunit/Framework/TestSuite.php:705
    1.1680    3773568   7. PHPUnit_Framework_TestSuite->runTest() phar://G:/Temp/zf2Test/module/Saveserials/test/SaveserialsTest/Controller/phpunit.phar/phpunit/Framework/TestSuite.php:745
    1.1680    3773584   8. PHPUnit_Framework_TestCase->run() phar://G:/Temp/zf2Test/module/Saveserials/test/SaveserialsTest/Controller/phpunit.phar/phpunit/Framework/TestSuite.php:775
    1.1690    3774176   9. PHPUnit_Framework_TestResult->run() phar://G:/Temp/zf2Test/module/Saveserials/test/SaveserialsTest/Controller/phpunit.phar/phpunit/Framework/TestCase.php:783
    1.1780    3813912  10. PHPUnit_Framework_TestCase->runBare() phar://G:/Temp/zf2Test/module/Saveserials/test/SaveserialsTest/Controller/phpunit.phar/phpunit/Framework/TestResult.php:648
    1.2290    4262496  11. PHPUnit_Framework_TestCase->runTest() phar://G:/Temp/zf2Test/module/Saveserials/test/SaveserialsTest/Controller/phpunit.phar/phpunit/Framework/TestCase.php:838
    1.2290    4263320  12. ReflectionMethod->invokeArgs() phar://G:/Temp/zf2Test/module/Saveserials/test/SaveserialsTest/Controller/phpunit.phar/phpunit/Framework/TestCase.php:983
    1.2290    4263336  13. Saveserials\Test\Controller\SaveserialsControllerTest->testIndexActionCanBeAccessed() phar://G:/Temp/zf2Test/module/Saveserials/test/SaveserialsTest/Controller/phpunit.phar/phpunit/Framework/TestCase.php:983
    1.2440    4417984  14. PHPUnit_Framework_Assert::assertEquals() G:\Temp\zf2Test\module\Saveserials\test\SaveserialsTest\Controller\IndexControllerTest.php:45
    1.2470    4446616  15. PHPUnit_Framework_Assert::assertThat() phar://G:/Temp/zf2Test/module/Saveserials/test/SaveserialsTest/Controller/phpunit.phar/phpunit/Framework/Assert.php:475
    1.2480    4446648  16. PHPUnit_Framework_Constraint_IsEqual->evaluate() phar://G:/Temp/zf2Test/module/Saveserials/test/SaveserialsTest/Controller/phpunit.phar/phpunit/Framework/Assert.php:2134


Variables in local scope (#16):
  $comparator = class PHPUnit_Framework_Comparator_Numeric { protected $factory = class PHPUnit_Framework_ComparatorFactory { protected $comparators = array (0 => class PHPUnit_Framework_Comparator_MockObject { ... }, 1 => class PHPUnit_Framework_Comparator_DOMDocument { ... }, 2 => class PHPUnit_Framework_Comparator_SplObjectStorage { ... }, 3 => class PHPUnit_Framework_Comparator_Exception { ... }, 4 => class PHPUnit_Framework_Comparator_Object { ... }, 5 => class PHPUnit_Framework_Comparator_Resource { ... }, 6 => class PHPUnit_Framework_Comparator_Array { ... }, 7 => class PHPUnit_Framework_Comparator_Double { ... }, 8 => ..., 9 => class PHPUnit_Framework_Comparator_Scalar { ... }, 10 => class PHPUnit_Framework_Comparator_Type { ... }) } }
  $comparatorFactory = class PHPUnit_Framework_ComparatorFactory { protected $comparators = array (0 => class PHPUnit_Framework_Comparator_MockObject { protected $factory = ... }, 1 => class PHPUnit_Framework_Comparator_DOMDocument { protected $factory = ... }, 2 => class PHPUnit_Framework_Comparator_SplObjectStorage { protected $factory = ... }, 3 => class PHPUnit_Framework_Comparator_Exception { protected $factory = ... }, 4 => class PHPUnit_Framework_Comparator_Object { protected $factory = ... }, 5 => class PHPUnit_Framework_Comparator_Resource { protected $factory = ... }, 6 => class PHPUnit_Framework_Comparator_Array { protected $factory = ... }, 7 => class PHPUnit_Framework_Comparator_Double { protected $factory = ... }, 8 => class PHPUnit_Framework_Comparator_Numeric { protected $factory = ... }, 9 => class PHPUnit_Framework_Comparator_Scalar { protected $factory = ... }, 10 => class PHPUnit_Framework_Comparator_Type { protected $factory = ... }) }
  $description = ''
  $f = class PHPUnit_Framework_ComparisonFailure { protected $expected = 201; protected $actual = 200; protected $expectedAsString = ''; protected $actualAsString = ''; protected $identical = NULL; protected $message = 'Failed asserting that 200 matches expected 201.'; private ${Exception}:string = ''; protected $code = 0; protected $file = 'phar://G:/Temp/zf2Test/module/Saveserials/test/SaveserialsTest/Controller/phpunit.phar/phpunit/Framework/Comparator/Numeric.php'; protected $line = 97; private ${Exception}:trace = array (0 => array ('file' => 'phar://G:/Temp/zf2Test/module/Saveserials/test/SaveserialsTest/Controller/phpunit.phar/phpunit/Framework/Constraint/IsEqual.php', 'line' => 162, 'function' => 'assertEquals', 'class' => 'PHPUnit_Framework_Comparator_Numeric', 'type' => '->', 'args' => array (...)), 1 => array ('file' => 'phar://G:/Temp/zf2Test/module/Saveserials/test/SaveserialsTest/Controller/phpunit.phar/phpunit/Framework/Assert.php', 'line' => 2134, 'function' => 'evaluate', 'class' => 'PHPUnit_Framework_Constraint_IsEqual', 'type' => '->', 'args' => array (...)), 2 => array ('file' => 'phar://G:/Temp/zf2Test/module/Saveserials/test/SaveserialsTest/Controller/phpunit.phar/phpunit/Framework/Assert.php', 'line' => 475, 'function' => 'assertThat', 'class' => 'PHPUnit_Framework_Assert', 'type' => '::', 'args' => array (...)), 3 => array ('file' => 'G:\\Temp\\zf2Test\\module\\Saveserials\\test\\SaveserialsTest\\Controller\\IndexControllerTest.php', 'line' => 45, 'function' => 'assertEquals', 'class' => 'PHPUnit_Framework_Assert', 'type' => '::', 'args' => array (...)), 4 => array ('function' => 'testIndexActionCanBeAccessed', 'class' => 'Saveserials\\Test\\Controller\\SaveserialsControllerTest', 'type' => '->', 'args' => array (...)), 5 => array ('file' => 'phar://G:/Temp/zf2Test/module/Saveserials/test/SaveserialsTest/Controller/phpunit.phar/phpunit/Framework/TestCase.php', 'line' => 983, 'function' => 'invokeArgs', 'class' => 'ReflectionMethod', 'type' => '->', 'args' => array (...)), 6 => array ('file' => 'phar://G:/Temp/zf2Test/module/Saveserials/test/SaveserialsTest/Controller/phpunit.phar/phpunit/Framework/TestCase.php', 'line' => 838, 'function' => 'runTest', 'class' => 'PHPUnit_Framework_TestCase', 'type' => '->', 'args' => array (...)), 7 => array ('file' => 'phar://G:/Temp/zf2Test/module/Saveserials/test/SaveserialsTest/Controller/phpunit.phar/phpunit/Framework/TestResult.php', 'line' => 648, 'function' => 'runBare', 'class' => 'PHPUnit_Framework_TestCase', 'type' => '->', 'args' => array (...)), 8 => array ('file' => 'phar://G:/Temp/zf2Test/module/Saveserials/test/SaveserialsTest/Controller/phpunit.phar/phpunit/Framework/TestCase.php', 'line' => 783, 'function' => 'run', 'class' => 'PHPUnit_Framework_TestResult', 'type' => '->', 'args' => array (...)), 9 => array ('file' => 'phar://G:/Temp/zf2Test/module/Saveserials/test/SaveserialsTest/Controller/phpunit.phar/phpunit/Framework/TestSuite.php', 'line' => 775, 'function' => 'run', 'class' => 'PHPUnit_Framework_TestCase', 'type' => '->', 'args' => array (...)), 10 => array ('file' => 'phar://G:/Temp/zf2Test/module/Saveserials/test/SaveserialsTest/Controller/phpunit.phar/phpunit/Framework/TestSuite.php', 'line' => 745, 'function' => 'runTest', 'class' => 'PHPUnit_Framework_TestSuite', 'type' => '->', 'args' => array (...)), 11 => array ('file' => 'phar://G:/Temp/zf2Test/module/Saveserials/test/SaveserialsTest/Controller/phpunit.phar/phpunit/Framework/TestSuite.php', 'line' => 705, 'function' => 'run', 'class' => 'PHPUnit_Framework_TestSuite', 'type' => '->', 'args' => array (...)), 12 => array ('file' => 'phar://G:/Temp/zf2Test/module/Saveserials/test/SaveserialsTest/Controller/phpunit.phar/phpunit/TextUI/TestRunner.php', 'line' => 349, 'function' => 'run', 'class' => 'PHPUnit_Framework_TestSuite', 'type' => '->', 'args' => array (...)), 13 => array ('file' => 'phar://G:/Temp/zf2Test/module/Saveserials/test/SaveserialsTest/Controller/phpunit.phar/phpunit/TextUI/Command.php', 'line' => 176, 'function' => 'doRun', 'class' => 'PHPUnit_TextUI_TestRunner', 'type' => '->', 'args' => array (...)), 14 => array ('file' => 'phar://G:/Temp/zf2Test/module/Saveserials/test/SaveserialsTest/Controller/phpunit.phar/phpunit/TextUI/Command.php', 'line' => 129, 'function' => 'run', 'class' => 'PHPUnit_TextUI_Command', 'type' => '->', 'args' => array (...)), 15 => array ('file' => 'G:\\Temp\\zf2Test\\module\\Saveserials\\test\\SaveserialsTest\\Controller\\phpunit.phar', 'line' => 614, 'function' => 'main', 'class' => 'PHPUnit_TextUI_Command', 'type' => '::', 'args' => array (...))); private ${Exception}:previous = NULL; public $xdebug_message = '\nPHPUnit_Framework_ComparisonFailure: Failed asserting that 200 matches expected 201. in phar://G:/Temp/zf2Test/module/Saveserials/test/SaveserialsTest/Controller/phpunit.phar/phpunit/Framework/Comparator/Numeric.php on line 97\n\nCall Stack:\n    0.4610     382056   1. {main}() G:\\Temp\\zf2Test\\module\\Saveserials\\test\\SaveserialsTest\\Controller\\phpunit.phar:0\n    0.4810     573424   2. PHPUnit_TextUI_Command::main() G:\\Temp\\zf2Test\\module\\Saveserials\\test\\SaveserialsTest\\Controller\\phpunit...' }
  $other = 200
  $returnResult = FALSE



PHPUnit_Framework_ExpectationFailedException: Failed asserting that 200 matches expected 201. in phar://G:/Temp/zf2Test/module/Saveserials/test/SaveserialsTest/Controller/phpunit.phar/phpunit/Framework/Constraint/IsEqual.php on line 170

Call Stack:
    0.4610     382056   1. {main}() G:\Temp\zf2Test\module\Saveserials\test\SaveserialsTest\Controller\phpunit.phar:0
    0.4810     573424   2. PHPUnit_TextUI_Command::main() G:\Temp\zf2Test\module\Saveserials\test\SaveserialsTest\Controller\phpunit.phar:614
    0.4810     576640   3. PHPUnit_TextUI_Command->run() phar://G:/Temp/zf2Test/module/Saveserials/test/SaveserialsTest/Controller/phpunit.phar/phpunit/TextUI/Command.php:129
    1.1460    3499776   4. PHPUnit_TextUI_TestRunner->doRun() phar://G:/Temp/zf2Test/module/Saveserials/test/SaveserialsTest/Controller/phpunit.phar/phpunit/TextUI/Command.php:176
    1.1660    3772480   5. PHPUnit_Framework_TestSuite->run() phar://G:/Temp/zf2Test/module/Saveserials/test/SaveserialsTest/Controller/phpunit.phar/phpunit/TextUI/TestRunner.php:349
    1.1670    3773264   6. PHPUnit_Framework_TestSuite->run() phar://G:/Temp/zf2Test/module/Saveserials/test/SaveserialsTest/Controller/phpunit.phar/phpunit/Framework/TestSuite.php:705
    1.1680    3773568   7. PHPUnit_Framework_TestSuite->runTest() phar://G:/Temp/zf2Test/module/Saveserials/test/SaveserialsTest/Controller/phpunit.phar/phpunit/Framework/TestSuite.php:745
    1.1680    3773584   8. PHPUnit_Framework_TestCase->run() phar://G:/Temp/zf2Test/module/Saveserials/test/SaveserialsTest/Controller/phpunit.phar/phpunit/Framework/TestSuite.php:775
    1.1690    3774176   9. PHPUnit_Framework_TestResult->run() phar://G:/Temp/zf2Test/module/Saveserials/test/SaveserialsTest/Controller/phpunit.phar/phpunit/Framework/TestCase.php:783
    1.1780    3813912  10. PHPUnit_Framework_TestCase->runBare() phar://G:/Temp/zf2Test/module/Saveserials/test/SaveserialsTest/Controller/phpunit.phar/phpunit/Framework/TestResult.php:648
    1.2290    4262496  11. PHPUnit_Framework_TestCase->runTest() phar://G:/Temp/zf2Test/module/Saveserials/test/SaveserialsTest/Controller/phpunit.phar/phpunit/Framework/TestCase.php:838


Variables in local scope (#11):
  $checkException = FALSE
  $class = class ReflectionClass { public $name = 'Saveserials\\Test\\Controller\\SaveserialsControllerTest' }
  $e = class PHPUnit_Framework_ExpectationFailedException { protected $comparisonFailure = class PHPUnit_Framework_ComparisonFailure { protected $expected = 201; protected $actual = 200; protected $expectedAsString = ''; protected $actualAsString = ''; protected $identical = NULL; protected $message = 'Failed asserting that 200 matches expected 201.'; private ${Exception}:string = ''; protected $code = 0; protected $file = 'phar://G:/Temp/zf2Test/module/Saveserials/test/SaveserialsTest/Controller/phpunit.phar/phpunit/Framework/Comparator/Numeric.php'; protected $line = 97; private ${Exception}:trace = array (0 => array (...), 1 => array (...), 2 => array (...), 3 => array (...), 4 => array (...), 5 => array (...), 6 => array (...), 7 => array (...), 8 => array (...), 9 => array (...), 10 => array (...), 11 => array (...), 12 => array (...), 13 => array (...), 14 => array (...), 15 => array (...)); private ${Exception}:previous = NULL; public $xdebug_message = '\nPHPUnit_Framework_ComparisonFailure: Failed asserting that 200 matches expected 201. in phar://G:/Temp/zf2Test/module/Saveserials/test/SaveserialsTest/Controller/phpunit.phar/phpunit/Framework/Comparator/Numeric.php on line 97\n\nCall Stack:\n    0.4610     382056   1. {main}() G:\\Temp\\zf2Test\\module\\Saveserials\\test\\SaveserialsTest\\Controller\\phpunit.phar:0\n    0.4810     573424   2. PHPUnit_TextUI_Command::main() G:\\Temp\\zf2Test\\module\\Saveserials\\test\\SaveserialsTest\\Controller\\phpunit...' }; protected $message = 'Failed asserting that 200 matches expected 201.'; private ${Exception}:string = ''; protected $code = 0; protected $file = 'phar://G:/Temp/zf2Test/module/Saveserials/test/SaveserialsTest/Controller/phpunit.phar/phpunit/Framework/Constraint/IsEqual.php'; protected $line = 170; private ${Exception}:trace = array (0 => array ('file' => 'phar://G:/Temp/zf2Test/module/Saveserials/test/SaveserialsTest/Controller/phpunit.phar/phpunit/Framework/Assert.php', 'line' => 2134, 'function' => 'evaluate', 'class' => 'PHPUnit_Framework_Constraint_IsEqual', 'type' => '->', 'args' => array (...)), 1 => array ('file' => 'phar://G:/Temp/zf2Test/module/Saveserials/test/SaveserialsTest/Controller/phpunit.phar/phpunit/Framework/Assert.php', 'line' => 475, 'function' => 'assertThat', 'class' => 'PHPUnit_Framework_Assert', 'type' => '::', 'args' => array (...)), 2 => array ('file' => 'G:\\Temp\\zf2Test\\module\\Saveserials\\test\\SaveserialsTest\\Controller\\IndexControllerTest.php', 'line' => 45, 'function' => 'assertEquals', 'class' => 'PHPUnit_Framework_Assert', 'type' => '::', 'args' => array (...)), 3 => array ('function' => 'testIndexActionCanBeAccessed', 'class' => 'Saveserials\\Test\\Controller\\SaveserialsControllerTest', 'type' => '->', 'args' => array (...)), 4 => array ('file' => 'phar://G:/Temp/zf2Test/module/Saveserials/test/SaveserialsTest/Controller/phpunit.phar/phpunit/Framework/TestCase.php', 'line' => 983, 'function' => 'invokeArgs', 'class' => 'ReflectionMethod', 'type' => '->', 'args' => array (...)), 5 => array ('file' => 'phar://G:/Temp/zf2Test/module/Saveserials/test/SaveserialsTest/Controller/phpunit.phar/phpunit/Framework/TestCase.php', 'line' => 838, 'function' => 'runTest', 'class' => 'PHPUnit_Framework_TestCase', 'type' => '->', 'args' => array (...)), 6 => array ('file' => 'phar://G:/Temp/zf2Test/module/Saveserials/test/SaveserialsTest/Controller/phpunit.phar/phpunit/Framework/TestResult.php', 'line' => 648, 'function' => 'runBare', 'class' => 'PHPUnit_Framework_TestCase', 'type' => '->', 'args' => array (...)), 7 => array ('file' => 'phar://G:/Temp/zf2Test/module/Saveserials/test/SaveserialsTest/Controller/phpunit.phar/phpunit/Framework/TestCase.php', 'line' => 783, 'function' => 'run', 'class' => 'PHPUnit_Framework_TestResult', 'type' => '->', 'args' => array (...)), 8 => array ('file' => 'phar://G:/Temp/zf2Test/module/Saveserials/test/SaveserialsTest/Controller/phpunit.phar/phpunit/Framework/TestSuite.php', 'line' => 775, 'function' => 'run', 'class' => 'PHPUnit_Framework_TestCase', 'type' => '->', 'args' => array (...)), 9 => array ('file' => 'phar://G:/Temp/zf2Test/module/Saveserials/test/SaveserialsTest/Controller/phpunit.phar/phpunit/Framework/TestSuite.php', 'line' => 745, 'function' => 'runTest', 'class' => 'PHPUnit_Framework_TestSuite', 'type' => '->', 'args' => array (...)), 10 => array ('file' => 'phar://G:/Temp/zf2Test/module/Saveserials/test/SaveserialsTest/Controller/phpunit.phar/phpunit/Framework/TestSuite.php', 'line' => 705, 'function' => 'run', 'class' => 'PHPUnit_Framework_TestSuite', 'type' => '->', 'args' => array (...)), 11 => array ('file' => 'phar://G:/Temp/zf2Test/module/Saveserials/test/SaveserialsTest/Controller/phpunit.phar/phpunit/TextUI/TestRunner.php', 'line' => 349, 'function' => 'run', 'class' => 'PHPUnit_Framework_TestSuite', 'type' => '->', 'args' => array (...)), 12 => array ('file' => 'phar://G:/Temp/zf2Test/module/Saveserials/test/SaveserialsTest/Controller/phpunit.phar/phpunit/TextUI/Command.php', 'line' => 176, 'function' => 'doRun', 'class' => 'PHPUnit_TextUI_TestRunner', 'type' => '->', 'args' => array (...)), 13 => array ('file' => 'phar://G:/Temp/zf2Test/module/Saveserials/test/SaveserialsTest/Controller/phpunit.phar/phpunit/TextUI/Command.php', 'line' => 129, 'function' => 'run', 'class' => 'PHPUnit_TextUI_Command', 'type' => '->', 'args' => array (...)), 14 => array ('file' => 'G:\\Temp\\zf2Test\\module\\Saveserials\\test\\SaveserialsTest\\Controller\\phpunit.phar', 'line' => 614, 'function' => 'main', 'class' => 'PHPUnit_TextUI_Command', 'type' => '::', 'args' => array (...))); private ${Exception}:previous = NULL; public $xdebug_message = '\nPHPUnit_Framework_ExpectationFailedException: Failed asserting that 200 matches expected 201. in phar://G:/Temp/zf2Test/module/Saveserials/test/SaveserialsTest/Controller/phpunit.phar/phpunit/Framework/Constraint/IsEqual.php on line 170\n\nCall Stack:\n    0.4610     382056   1. {main}() G:\\Temp\\zf2Test\\module\\Saveserials\\test\\SaveserialsTest\\Controller\\phpunit.phar:0\n    0.4810     573424   2. PHPUnit_TextUI_Command::main() G:\\Temp\\zf2Test\\module\\Saveserials\\test\\SaveserialsTest\\Controlle...' }
  $method = class ReflectionMethod { public $name = 'testIndexActionCanBeAccessed'; public $class = 'Saveserials\\Test\\Controller\\SaveserialsControllerTest' }
  $reflector = *uninitialized*
  $testResult = *uninitialized*



Time: 1.35 seconds, Memory: 4.75Mb

There was 1 failure:

1) Saveserials\Test\Controller\SaveserialsControllerTest::testIndexActionCanBeAccessed
Failed asserting that 200 matches expected 201.

G:\Temp\zf2Test\module\Saveserials\test\SaveserialsTest\Controller\IndexControllerTest.php:45
G:\Temp\zf2Test\module\Saveserials\test\SaveserialsTest\Controller\phpunit.phar:614

FAILURES!
Tests: 1, Assertions: 1, Failures: 1.
